2015-06-25 06:07:04,827 CRIT Supervisor running as root (no user in config file)
2015-06-25 06:07:04,827 WARN Included extra file "/etc/supervisor/conf.d/programs.conf" during parsing
2015-06-25 06:07:04,878 INFO RPC interface 'supervisor' initialized
2015-06-25 06:07:04,878 CRIT Server 'unix_http_server' running without any HTTP authentication checking
2015-06-25 06:07:04,878 INFO supervisord started with pid 1
2015-06-25 06:07:05,882 INFO spawned: 'iperf' with pid 10
2015-06-25 06:07:05,886 INFO spawned: 'olsr' with pid 11
2015-06-25 06:07:05,893 DEBG 'iperf' stdout output:
------------------------------------------------------------
Server listening on TCP port 5001
TCP window size: 85.3 KByte (default)
------------------------------------------------------------

2015-06-25 06:07:05,896 DEBG 'olsr' stdout output:

 *** olsr.org -  0.6.6.1-git_0000000-hash_41d32a614ae55e881b7c0456c8e3ed54 ***
 Build date: 2013-10-26 05:10:52 on toyol
 http://www.olsr.org


2015-06-25 06:07:05,896 DEBG 'olsr' stdout output:
Debug level: 0
	IPv4 broadcast: 255.255.255.255
	HELLO interval: 6.00
	HELLO validity: 600.00
	TC interval: 0.50
	TC validity: 300.00
	MID interval: 10.00
	MID validity: 300.00
	HNA interval: 10.00
	HNA validity: 300.00

Interface DefaultsLink quality fish eye 1
IpVersion: 4
Clear screen enabled
Noint set to 1
Willingness: 3

2015-06-25 06:07:05,897 DEBG 'olsr' stderr output:
Parsing file: "/etc/olsrd/olsrd.conf"

2015-06-25 06:07:05,897 DEBG 'olsr' stdout output:
	IPC host: 127.0.0.1
Hysteresis disabled
Link quality level 2
Pollrate 0.10
TC redundancy 2
MPR coverage 5
Queuing if $interface
	IPv4 broadcast/multicast : 255.255.255.255
	Mode           : mesh (d)
	IPv6 multicast           : ff02::6d
	HELLO emission/validity  : 6.00 (d)/600.00 (d)
	TC emission/validity     : 0.50 (d)/300.00 (d)
	MID emission/validity    : 10.00 (d)/300.00 (d)
	HNA emission/validity    : 10.00 (d)/300.00 (d)
	Autodetect changes       : yes
	IPv4 broadcast/multicast : AUTO
	Mode           : mesh
	IPv6 multicast           : ::
	HELLO emission/validity  : 0.00/0.00
	TC emission/validity     : 0.00/0.00
	MID emission/validity    : 0.00/0.00
	HNA emission/validity    : 0.00/0.00
	Autodetect changes       : no

2015-06-25 06:07:05,901 DEBG 'olsr' stderr output:
No interfaces detected! This might be intentional, but it also might mean that your configuration is fubar.
I will continue after 5 seconds...

2015-06-25 06:07:06,903 INFO success: iperf entered RUNNING state, process has stayed up for > than 1 seconds (startsecs)
2015-06-25 06:07:06,903 INFO success: olsr entered RUNNING state, process has stayed up for > than 1 seconds (startsecs)
2015-06-25 06:07:10,901 DEBG 'olsr' stdout output:
-- ALL PLUGINS LOADED! --


2015-06-25 06:15:27,320 WARN received SIGTERM indicating exit request
2015-06-25 06:15:27,321 DEBG killing olsr (pid 11) with signal SIGTERM
2015-06-25 06:15:27,321 INFO waiting for iperf, olsr to die
2015-06-25 06:15:27,321 DEBG 'olsr' stdout output:
Closing plugins...
Free all memory...

2015-06-25 06:15:27,321 DEBG fd 10 closed, stopped monitoring <POutputDispatcher at 140114711791016 for <Subprocess at 140114712050216 with name olsr in state STOPPING> (stdout)>
2015-06-25 06:15:27,322 DEBG fd 14 closed, stopped monitoring <POutputDispatcher at 140114711791304 for <Subprocess at 140114712050216 with name olsr in state STOPPING> (stderr)>
2015-06-25 06:15:27,322 INFO stopped: olsr (exit status 0)
2015-06-25 06:15:27,322 DEBG received SIGCLD indicating a child quit
2015-06-25 06:15:27,322 DEBG killing iperf (pid 10) with signal SIGTERM
2015-06-25 06:15:27,323 DEBG fd 9 closed, stopped monitoring <POutputDispatcher at 140114711790728 for <Subprocess at 140114712050000 with name iperf in state STOPPING> (stderr)>
2015-06-25 06:15:27,323 DEBG fd 7 closed, stopped monitoring <POutputDispatcher at 140114711790440 for <Subprocess at 140114712050000 with name iperf in state STOPPING> (stdout)>
2015-06-25 06:15:27,323 INFO stopped: iperf (exit status 0)
2015-06-25 06:15:27,323 DEBG received SIGCLD indicating a child quit
2015-06-25 06:17:59,721 CRIT Supervisor running as root (no user in config file)
2015-06-25 06:17:59,722 WARN Included extra file "/etc/supervisor/conf.d/programs.conf" during parsing
2015-06-25 06:17:59,770 INFO RPC interface 'supervisor' initialized
2015-06-25 06:17:59,770 CRIT Server 'unix_http_server' running without any HTTP authentication checking
2015-06-25 06:17:59,771 INFO supervisord started with pid 1
2015-06-25 06:18:00,774 INFO spawned: 'iperf' with pid 10
2015-06-25 06:18:00,776 INFO spawned: 'olsr' with pid 11
2015-06-25 06:18:00,788 DEBG 'olsr' stdout output:

 *** olsr.org -  0.6.6.1-git_0000000-hash_41d32a614ae55e881b7c0456c8e3ed54 ***
 Build date: 2013-10-26 05:10:52 on toyol
 http://www.olsr.org


2015-06-25 06:18:00,788 DEBG 'olsr' stdout output:
Debug level: 0
	IPv4 broadcast: 255.255.255.255
	HELLO interval: 6.00
	HELLO validity: 600.00
	TC interval: 0.50
	TC validity: 300.00
	MID interval: 10.00
	MID validity: 300.00
	HNA interval: 10.00
	HNA validity: 300.00

Interface DefaultsLink quality fish eye 1
IpVersion: 4
Clear screen enabled
Noint set to 1
Willingness: 3
	IPC host: 127.0.0.1
Hysteresis disabled
Link quality level 2
Pollrate 0.10
TC redundancy 2
MPR coverage 5
Queuing if $interface
	IPv4 broadcast/multicast : 255.255.255.255
	Mode           : mesh (d)
	IPv6 multicast           : ff02::6d
	HELLO emission/validity  : 6.00 (d)/600.00 (d)
	TC emission/validity     : 0.50 (d)/300.00 (d)

2015-06-25 06:18:00,789 DEBG 'olsr' stderr output:
Parsing file: "/etc/olsrd/olsrd.conf"

2015-06-25 06:18:00,790 DEBG 'iperf' stdout output:
------------------------------------------------------------
Server listening on TCP port 5001
TCP window size: 85.3 KByte (default)
------------------------------------------------------------

2015-06-25 06:18:00,790 DEBG 'olsr' stdout output:
	MID emission/validity    : 10.00 (d)/300.00 (d)
	HNA emission/validity    : 10.00 (d)/300.00 (d)
	Autodetect changes       : yes
	IPv4 broadcast/multicast : AUTO
	Mode           : mesh
	IPv6 multicast           : ::
	HELLO emission/validity  : 0.00/0.00
	TC emission/validity     : 0.00/0.00
	MID emission/validity    : 0.00/0.00
	HNA emission/validity    : 0.00/0.00
	Autodetect changes       : no

2015-06-25 06:18:00,796 DEBG 'olsr' stderr output:
No interfaces detected! This might be intentional, but it also might mean that your configuration is fubar.
I will continue after 5 seconds...

2015-06-25 06:18:01,797 INFO success: iperf entered RUNNING state, process has stayed up for > than 1 seconds (startsecs)
2015-06-25 06:18:01,797 INFO success: olsr entered RUNNING state, process has stayed up for > than 1 seconds (startsecs)
2015-06-25 06:18:05,797 DEBG 'olsr' stdout output:
-- ALL PLUGINS LOADED! --


2015-06-25 06:18:41,968 WARN received SIGTERM indicating exit request
2015-06-25 06:18:41,968 DEBG killing olsr (pid 11) with signal SIGTERM
2015-06-25 06:18:41,968 INFO waiting for iperf, olsr to die
2015-06-25 06:18:41,969 DEBG 'olsr' stdout output:
Closing plugins...

2015-06-25 06:18:41,969 DEBG 'olsr' stdout output:
Free all memory...

2015-06-25 06:18:41,969 DEBG fd 14 closed, stopped monitoring <POutputDispatcher at 140673333364424 for <Subprocess at 140673333623336 with name olsr in state STOPPING> (stderr)>
2015-06-25 06:18:41,969 DEBG fd 10 closed, stopped monitoring <POutputDispatcher at 140673333364136 for <Subprocess at 140673333623336 with name olsr in state STOPPING> (stdout)>
2015-06-25 06:18:41,970 INFO stopped: olsr (exit status 0)
2015-06-25 06:18:41,970 DEBG received SIGCLD indicating a child quit
2015-06-25 06:18:41,970 DEBG killing iperf (pid 10) with signal SIGTERM
2015-06-25 06:18:41,971 DEBG fd 9 closed, stopped monitoring <POutputDispatcher at 140673333363848 for <Subprocess at 140673333623120 with name iperf in state STOPPING> (stderr)>
2015-06-25 06:18:41,971 DEBG fd 7 closed, stopped monitoring <POutputDispatcher at 140673333363560 for <Subprocess at 140673333623120 with name iperf in state STOPPING> (stdout)>
2015-06-25 06:18:41,971 INFO stopped: iperf (exit status 0)
2015-06-25 06:18:41,971 DEBG received SIGCLD indicating a child quit
2015-06-25 06:19:14,556 CRIT Supervisor running as root (no user in config file)
2015-06-25 06:19:14,556 WARN Included extra file "/etc/supervisor/conf.d/programs.conf" during parsing
2015-06-25 06:19:14,605 INFO RPC interface 'supervisor' initialized
2015-06-25 06:19:14,605 CRIT Server 'unix_http_server' running without any HTTP authentication checking
2015-06-25 06:19:14,605 INFO supervisord started with pid 1
2015-06-25 06:19:15,609 INFO spawned: 'iperf' with pid 9
2015-06-25 06:19:15,611 INFO spawned: 'olsr' with pid 10
2015-06-25 06:19:15,620 DEBG 'olsr' stdout output:

 *** olsr.org -  0.6.6.1-git_0000000-hash_41d32a614ae55e881b7c0456c8e3ed54 ***
 Build date: 2013-10-26 05:10:52 on toyol
 http://www.olsr.org


2015-06-25 06:19:15,621 DEBG 'olsr' stdout output:
Debug level: 0

2015-06-25 06:19:15,621 DEBG 'olsr' stderr output:
Parsing file: "/etc/olsrd/olsrd.conf"

2015-06-25 06:19:15,621 DEBG 'iperf' stdout output:
------------------------------------------------------------
Server listening on TCP port 5001
TCP window size: 85.3 KByte (default)
------------------------------------------------------------

2015-06-25 06:19:15,622 DEBG 'olsr' stdout output:
	IPv4 broadcast: 255.255.255.255
	HELLO interval: 6.00
	HELLO validity: 600.00
	TC interval: 0.50
	TC validity: 300.00
	MID interval: 10.00
	MID validity: 300.00
	HNA interval: 10.00
	HNA validity: 300.00

Interface DefaultsLink quality fish eye 1
IpVersion: 4
Clear screen enabled
Noint set to 1
Willingness: 3
	IPC host: 127.0.0.1
Hysteresis disabled
Link quality level 2
Pollrate 0.10
TC redundancy 2
MPR coverage 5
Queuing if $interface
	IPv4 broadcast/multicast : 255.255.255.255
	Mode           : mesh (d)
	IPv6 multicast           : ff02::6d
	HELLO emission/validity  : 6.00 (d)/600.00 (d)
	TC emission/validity     : 0.50 (d)/300.00 (d)
	MID emission/validity    : 10.00 (d)/300.00 (d)
	HNA emission/validity    : 10.00 (d)/300.00 (d)
	Autodetect changes       : yes
	IPv4 broadcast/multicast : AUTO
	Mode           : mesh
	IPv6 multicast           : ::
	HELLO emission/validity  : 0.00/0.00
	TC emission/validity     : 0.00/0.00
	MID emission/validity    : 0.00/0.00
	HNA emission/validity    : 0.00/0.00
	Autodetect changes       : no

2015-06-25 06:19:15,626 DEBG 'olsr' stderr output:
No interfaces detected! This might be intentional, but it also might mean that your configuration is fubar.
I will continue after 5 seconds...

2015-06-25 06:19:16,627 INFO success: iperf entered RUNNING state, process has stayed up for > than 1 seconds (startsecs)
2015-06-25 06:19:16,627 INFO success: olsr entered RUNNING state, process has stayed up for > than 1 seconds (startsecs)
2015-06-25 06:19:20,626 DEBG 'olsr' stdout output:
-- ALL PLUGINS LOADED! --


2015-06-25 06:38:16,190 WARN received SIGTERM indicating exit request
2015-06-25 06:38:16,190 DEBG killing olsr (pid 10) with signal SIGTERM
2015-06-25 06:38:16,190 INFO waiting for iperf, olsr to die
2015-06-25 06:38:16,191 DEBG 'olsr' stdout output:
Closing plugins...

2015-06-25 06:38:16,191 DEBG 'olsr' stdout output:
Free all memory...

2015-06-25 06:38:16,191 DEBG fd 14 closed, stopped monitoring <POutputDispatcher at 140594624259784 for <Subprocess at 140594624518696 with name olsr in state STOPPING> (stderr)>
2015-06-25 06:38:16,191 DEBG fd 10 closed, stopped monitoring <POutputDispatcher at 140594624259496 for <Subprocess at 140594624518696 with name olsr in state STOPPING> (stdout)>
2015-06-25 06:38:16,191 INFO stopped: olsr (exit status 0)
2015-06-25 06:38:16,192 DEBG received SIGCLD indicating a child quit
2015-06-25 06:38:16,192 DEBG killing iperf (pid 9) with signal SIGTERM
2015-06-25 06:38:16,192 DEBG fd 9 closed, stopped monitoring <POutputDispatcher at 140594624259208 for <Subprocess at 140594624518480 with name iperf in state STOPPING> (stderr)>
2015-06-25 06:38:16,193 DEBG fd 7 closed, stopped monitoring <POutputDispatcher at 140594624258920 for <Subprocess at 140594624518480 with name iperf in state STOPPING> (stdout)>
2015-06-25 06:38:16,193 INFO stopped: iperf (exit status 0)
2015-06-25 06:38:16,193 DEBG received SIGCLD indicating a child quit
2015-06-25 06:40:31,337 CRIT Supervisor running as root (no user in config file)
2015-06-25 06:40:31,337 WARN Included extra file "/etc/supervisor/conf.d/programs.conf" during parsing
2015-06-25 06:40:31,386 INFO RPC interface 'supervisor' initialized
2015-06-25 06:40:31,386 CRIT Server 'unix_http_server' running without any HTTP authentication checking
2015-06-25 06:40:31,387 INFO supervisord started with pid 1
2015-06-25 06:40:32,390 INFO spawned: 'iperf' with pid 9
2015-06-25 06:40:32,392 INFO spawned: 'olsr' with pid 10
2015-06-25 06:40:32,401 DEBG 'iperf' stdout output:
------------------------------------------------------------
Server listening on TCP port 5001
TCP window size: 85.3 KByte (default)
------------------------------------------------------------

2015-06-25 06:40:32,403 DEBG 'olsr' stdout output:

 *** olsr.org -  0.6.6.1-git_0000000-hash_41d32a614ae55e881b7c0456c8e3ed54 ***
 Build date: 2013-10-26 05:10:52 on toyol
 http://www.olsr.org


2015-06-25 06:40:32,403 DEBG 'olsr' stdout output:
Debug level: 0
	IPv4 broadcast: 255.255.255.255
	HELLO interval: 6.00
	HELLO validity: 600.00
	TC interval: 0.50
	TC validity: 300.00
	MID interval: 10.00
	MID validity: 300.00
	HNA interval: 10.00
	HNA validity: 300.00

Interface DefaultsLink quality fish eye 1
IpVersion: 4
Clear screen enabled
Noint set to 1
Willingness: 3
	IPC host: 127.0.0.1

2015-06-25 06:40:32,404 DEBG 'olsr' stderr output:
Parsing file: "/etc/olsrd/olsrd.conf"

2015-06-25 06:40:32,404 DEBG 'olsr' stdout output:
Hysteresis disabled
Link quality level 2
Pollrate 0.10
TC redundancy 2
MPR coverage 5
Queuing if $interface
	IPv4 broadcast/multicast : 255.255.255.255
	Mode           : mesh (d)
	IPv6 multicast           : ff02::6d
	HELLO emission/validity  : 6.00 (d)/600.00 (d)
	TC emission/validity     : 0.50 (d)/300.00 (d)
	MID emission/validity    : 10.00 (d)/300.00 (d)
	HNA emission/validity    : 10.00 (d)/300.00 (d)
	Autodetect changes       : yes
	IPv4 broadcast/multicast : AUTO
	Mode           : mesh
	IPv6 multicast           : ::
	HELLO emission/validity  : 0.00/0.00
	TC emission/validity     : 0.00/0.00
	MID emission/validity    : 0.00/0.00
	HNA emission/validity    : 0.00/0.00
	Autodetect changes       : no

2015-06-25 06:40:32,409 DEBG 'olsr' stderr output:
No interfaces detected! This might be intentional, but it also might mean that your configuration is fubar.
I will continue after 5 seconds...

2015-06-25 06:40:33,410 INFO success: iperf entered RUNNING state, process has stayed up for > than 1 seconds (startsecs)
2015-06-25 06:40:33,411 INFO success: olsr entered RUNNING state, process has stayed up for > than 1 seconds (startsecs)
2015-06-25 06:40:37,410 DEBG 'olsr' stdout output:
-- ALL PLUGINS LOADED! --


2015-06-25 06:40:40,152 WARN received SIGTERM indicating exit request
2015-06-25 06:40:40,152 DEBG killing olsr (pid 10) with signal SIGTERM
2015-06-25 06:40:40,153 INFO waiting for iperf, olsr to die
2015-06-25 06:40:40,153 DEBG 'olsr' stdout output:
Closing plugins...

2015-06-25 06:40:40,153 DEBG 'olsr' stdout output:
Free all memory...

2015-06-25 06:40:40,153 DEBG fd 14 closed, stopped monitoring <POutputDispatcher at 139690560452296 for <Subprocess at 139690560711208 with name olsr in state STOPPING> (stderr)>
2015-06-25 06:40:40,153 DEBG fd 10 closed, stopped monitoring <POutputDispatcher at 139690560452008 for <Subprocess at 139690560711208 with name olsr in state STOPPING> (stdout)>
2015-06-25 06:40:40,153 INFO stopped: olsr (exit status 0)
2015-06-25 06:40:40,153 DEBG received SIGCLD indicating a child quit
2015-06-25 06:40:40,153 DEBG killing iperf (pid 9) with signal SIGTERM
2015-06-25 06:40:40,154 DEBG fd 9 closed, stopped monitoring <POutputDispatcher at 139690560451720 for <Subprocess at 139690560710992 with name iperf in state STOPPING> (stderr)>
2015-06-25 06:40:40,154 DEBG fd 7 closed, stopped monitoring <POutputDispatcher at 139690560451432 for <Subprocess at 139690560710992 with name iperf in state STOPPING> (stdout)>
2015-06-25 06:40:40,154 INFO stopped: iperf (exit status 0)
2015-06-25 06:40:40,154 DEBG received SIGCLD indicating a child quit
2015-06-25 06:45:28,477 CRIT Supervisor running as root (no user in config file)
2015-06-25 06:45:28,477 WARN Included extra file "/etc/supervisor/conf.d/programs.conf" during parsing
2015-06-25 06:45:28,527 INFO RPC interface 'supervisor' initialized
2015-06-25 06:45:28,527 CRIT Server 'unix_http_server' running without any HTTP authentication checking
2015-06-25 06:45:28,527 INFO supervisord started with pid 1
2015-06-25 06:45:29,530 INFO spawned: 'iperf' with pid 10
2015-06-25 06:45:29,533 INFO spawned: 'olsr' with pid 11
2015-06-25 06:45:29,541 DEBG 'olsr' stdout output:

 *** olsr.org -  0.6.6.1-git_0000000-hash_41d32a614ae55e881b7c0456c8e3ed54 ***
 Build date: 2013-10-26 05:10:52 on toyol
 http://www.olsr.org


2015-06-25 06:45:29,542 DEBG 'iperf' stdout output:
------------------------------------------------------------
Server listening on TCP port 5001
TCP window size: 85.3 KByte (default)
------------------------------------------------------------

2015-06-25 06:45:29,542 DEBG 'olsr' stdout output:
Debug level: 0
	IPv4 broadcast: 255.255.255.255
	HELLO interval: 6.00
	HELLO validity: 600.00
	TC interval: 0.50
	TC validity: 300.00
	MID interval: 10.00
	MID validity: 300.00
	HNA interval: 10.00
	HNA validity: 300.00

Interface DefaultsLink quality fish eye 1
IpVersion: 4
Clear screen enabled
Noint set to 1
Willingness: 3
	IPC host: 127.0.0.1
Hysteresis disabled
Link quality level 2
Pollrate 0.10
TC redundancy 2
MPR coverage 5
Queuing if $interface
	IPv4 broadcast/multicast : 255.255.255.255
	Mode           : mesh (d)
	IPv6 multicast           : ff02::6d
	HELLO emission/validity  : 6.00 (d)/600.00 (d)
	TC emission/validity     : 0.50 (d)/300.00 (d)
	MID emission/validity    : 10.00 (d)/300.00 (d)
	HNA emission/validity    : 10.00 (d)/300.00 (d)
	Autodetect changes       : yes
	IPv4 broadcast/multicast : AUTO
	Mode           : mesh
	IPv6 multicast           : ::
	HELLO emission/validity  : 0.00/0.00
	TC emission/validity     : 0.00/0.00
	MID emission/validity    : 0.00/0.00
	HNA emission/validity    : 0.00/0.00
	Autodetect changes       : no

2015-06-25 06:45:29,543 DEBG 'olsr' stderr output:
Parsing file: "/etc/olsrd/olsrd.conf"

2015-06-25 06:45:29,546 DEBG 'olsr' stderr output:
No interfaces detected! This might be intentional, but it also might mean that your configuration is fubar.
I will continue after 5 seconds...

2015-06-25 06:45:30,548 INFO success: iperf entered RUNNING state, process has stayed up for > than 1 seconds (startsecs)
2015-06-25 06:45:30,548 INFO success: olsr entered RUNNING state, process has stayed up for > than 1 seconds (startsecs)
2015-06-25 06:45:34,547 DEBG 'olsr' stdout output:
-- ALL PLUGINS LOADED! --


2015-06-25 06:49:27,489 WARN received SIGTERM indicating exit request
2015-06-25 06:49:27,489 DEBG killing olsr (pid 11) with signal SIGTERM
2015-06-25 06:49:27,489 INFO waiting for iperf, olsr to die
2015-06-25 06:49:27,490 DEBG 'olsr' stdout output:
Closing plugins...

2015-06-25 06:49:27,490 DEBG 'olsr' stdout output:
Free all memory...

2015-06-25 06:49:27,490 DEBG fd 14 closed, stopped monitoring <POutputDispatcher at 140638757324488 for <Subprocess at 140638757583400 with name olsr in state STOPPING> (stderr)>
2015-06-25 06:49:27,491 INFO stopped: olsr (exit status 0)
2015-06-25 06:49:27,491 DEBG received SIGCLD indicating a child quit
2015-06-25 06:49:27,491 DEBG killing iperf (pid 10) with signal SIGTERM
2015-06-25 06:49:27,492 DEBG fd 9 closed, stopped monitoring <POutputDispatcher at 140638757323912 for <Subprocess at 140638757583184 with name iperf in state STOPPING> (stderr)>
2015-06-25 06:49:27,492 DEBG fd 7 closed, stopped monitoring <POutputDispatcher at 140638757323624 for <Subprocess at 140638757583184 with name iperf in state STOPPING> (stdout)>
2015-06-25 06:49:27,492 INFO stopped: iperf (exit status 0)
2015-06-25 06:49:27,492 DEBG received SIGCLD indicating a child quit
