2015-06-25 06:07:05,390 CRIT Supervisor running as root (no user in config file)
2015-06-25 06:07:05,390 WARN Included extra file "/etc/supervisor/conf.d/programs.conf" during parsing
2015-06-25 06:07:05,439 INFO RPC interface 'supervisor' initialized
2015-06-25 06:07:05,439 CRIT Server 'unix_http_server' running without any HTTP authentication checking
2015-06-25 06:07:05,440 INFO supervisord started with pid 1
2015-06-25 06:07:06,443 INFO spawned: 'iperf' with pid 10
2015-06-25 06:07:06,445 INFO spawned: 'olsr' with pid 11
2015-06-25 06:07:06,453 DEBG 'iperf' stdout output:
------------------------------------------------------------
Server listening on TCP port 5001
TCP window size: 85.3 KByte (default)
------------------------------------------------------------

2015-06-25 06:07:06,453 DEBG 'olsr' stdout output:

 *** olsr.org -  0.6.6.1-git_0000000-hash_41d32a614ae55e881b7c0456c8e3ed54 ***
 Build date: 2013-10-26 05:10:52 on toyol
 http://www.olsr.org


2015-06-25 06:07:06,454 DEBG 'olsr' stdout output:
Debug level: 0
	IPv4 broadcast: 255.255.255.255

2015-06-25 06:07:06,454 DEBG 'olsr' stderr output:
Parsing file: "/etc/olsrd/olsrd.conf"

2015-06-25 06:07:06,454 DEBG 'olsr' stdout output:
	HELLO interval: 6.00
	HELLO validity: 600.00
	TC interval: 0.50
	TC validity: 300.00
	MID interval: 10.00
	MID validity: 300.00
	HNA interval: 10.00
	HNA validity: 300.00

Interface DefaultsLink quality fish eye 1
IpVersion: 4
Clear screen enabled
Noint set to 1
Willingness: 3
	IPC host: 127.0.0.1
Hysteresis disabled
Link quality level 2
Pollrate 0.10
TC redundancy 2
MPR coverage 5
Queuing if $interface
	IPv4 broadcast/multicast : 255.255.255.255
	Mode           : mesh (d)
	IPv6 multicast           : ff02::6d
	HELLO emission/validity  : 6.00 (d)/600.00 (d)
	TC emission/validity     : 0.50 (d)/300.00 (d)
	MID emission/validity    : 10.00 (d)/300.00 (d)
	HNA emission/validity    : 10.00 (d)/300.00 (d)
	Autodetect changes       : yes
	IPv4 broadcast/multicast : AUTO
	Mode           : mesh
	IPv6 multicast           : ::
	HELLO emission/validity  : 0.00/0.00
	TC emission/validity     : 0.00/0.00
	MID emission/validity    : 0.00/0.00
	HNA emission/validity    : 0.00/0.00
	Autodetect changes       : no

2015-06-25 06:07:06,459 DEBG 'olsr' stderr output:
No interfaces detected! This might be intentional, but it also might mean that your configuration is fubar.
I will continue after 5 seconds...

2015-06-25 06:07:07,460 INFO success: iperf entered RUNNING state, process has stayed up for > than 1 seconds (startsecs)
2015-06-25 06:07:07,460 INFO success: olsr entered RUNNING state, process has stayed up for > than 1 seconds (startsecs)
2015-06-25 06:07:11,459 DEBG 'olsr' stdout output:
-- ALL PLUGINS LOADED! --


2015-06-25 06:15:27,531 WARN received SIGTERM indicating exit request
2015-06-25 06:15:27,532 DEBG killing olsr (pid 11) with signal SIGTERM
2015-06-25 06:15:27,532 INFO waiting for iperf, olsr to die
2015-06-25 06:15:27,532 DEBG 'olsr' stdout output:
Closing plugins...
Free all memory...

2015-06-25 06:15:27,532 DEBG fd 10 closed, stopped monitoring <POutputDispatcher at 139736663492008 for <Subprocess at 139736663751208 with name olsr in state STOPPING> (stdout)>
2015-06-25 06:15:27,533 DEBG fd 14 closed, stopped monitoring <POutputDispatcher at 139736663492296 for <Subprocess at 139736663751208 with name olsr in state STOPPING> (stderr)>
2015-06-25 06:15:27,533 INFO stopped: olsr (exit status 0)
2015-06-25 06:15:27,533 DEBG received SIGCLD indicating a child quit
2015-06-25 06:15:27,533 DEBG killing iperf (pid 10) with signal SIGTERM
2015-06-25 06:15:27,534 DEBG fd 9 closed, stopped monitoring <POutputDispatcher at 139736663491720 for <Subprocess at 139736663750992 with name iperf in state STOPPING> (stderr)>
2015-06-25 06:15:27,534 DEBG fd 7 closed, stopped monitoring <POutputDispatcher at 139736663491432 for <Subprocess at 139736663750992 with name iperf in state STOPPING> (stdout)>
2015-06-25 06:15:27,534 INFO stopped: iperf (exit status 0)
2015-06-25 06:15:27,534 DEBG received SIGCLD indicating a child quit
2015-06-25 06:18:00,295 CRIT Supervisor running as root (no user in config file)
2015-06-25 06:18:00,295 WARN Included extra file "/etc/supervisor/conf.d/programs.conf" during parsing
2015-06-25 06:18:00,347 INFO RPC interface 'supervisor' initialized
2015-06-25 06:18:00,347 CRIT Server 'unix_http_server' running without any HTTP authentication checking
2015-06-25 06:18:00,348 INFO supervisord started with pid 1
2015-06-25 06:18:01,351 INFO spawned: 'iperf' with pid 9
2015-06-25 06:18:01,354 INFO spawned: 'olsr' with pid 10
2015-06-25 06:18:01,361 DEBG 'iperf' stdout output:
------------------------------------------------------------
Server listening on TCP port 5001
TCP window size: 85.3 KByte (default)
------------------------------------------------------------

2015-06-25 06:18:01,362 DEBG 'olsr' stdout output:

 *** olsr.org -  0.6.6.1-git_0000000-hash_41d32a614ae55e881b7c0456c8e3ed54 ***
 Build date: 2013-10-26 05:10:52 on toyol
 http://www.olsr.org


2015-06-25 06:18:01,362 DEBG 'olsr' stdout output:
Debug level: 0
	IPv4 broadcast: 255.255.255.255
	HELLO interval: 6.00
	HELLO validity: 600.00
	TC interval: 0.50
	TC validity: 300.00
	MID interval: 10.00
	MID validity: 300.00
	HNA interval: 10.00
	HNA validity: 300.00

Interface DefaultsLink quality fish eye 1
IpVersion: 4
Clear screen enabled
Noint set to 1
Willingness: 3
	IPC host: 127.0.0.1
Hysteresis disabled
Link quality level 2
Pollrate 0.10
TC redundancy 2
MPR coverage 5

2015-06-25 06:18:01,363 DEBG 'olsr' stderr output:
Parsing file: "/etc/olsrd/olsrd.conf"

2015-06-25 06:18:01,365 DEBG 'olsr' stdout output:
Queuing if $interface
	IPv4 broadcast/multicast : 255.255.255.255
	Mode           : mesh (d)
	IPv6 multicast           : ff02::6d
	HELLO emission/validity  : 6.00 (d)/600.00 (d)
	TC emission/validity     : 0.50 (d)/300.00 (d)
	MID emission/validity    : 10.00 (d)/300.00 (d)
	HNA emission/validity    : 10.00 (d)/300.00 (d)
	Autodetect changes       : yes
	IPv4 broadcast/multicast : AUTO
	Mode           : mesh
	IPv6 multicast           : ::
	HELLO emission/validity  : 0.00/0.00
	TC emission/validity     : 0.00/0.00
	MID emission/validity    : 0.00/0.00
	HNA emission/validity    : 0.00/0.00
	Autodetect changes       : no

2015-06-25 06:18:01,367 DEBG 'olsr' stderr output:
No interfaces detected! This might be intentional, but it also might mean that your configuration is fubar.
I will continue after 5 seconds...

2015-06-25 06:18:02,369 INFO success: iperf entered RUNNING state, process has stayed up for > than 1 seconds (startsecs)
2015-06-25 06:18:02,369 INFO success: olsr entered RUNNING state, process has stayed up for > than 1 seconds (startsecs)
2015-06-25 06:18:06,368 DEBG 'olsr' stdout output:
-- ALL PLUGINS LOADED! --


2015-06-25 06:18:42,180 WARN received SIGTERM indicating exit request
2015-06-25 06:18:42,181 DEBG killing olsr (pid 10) with signal SIGTERM
2015-06-25 06:18:42,181 INFO waiting for iperf, olsr to die
2015-06-25 06:18:42,181 DEBG 'olsr' stdout output:
Closing plugins...
Free all memory...

2015-06-25 06:18:42,181 DEBG fd 10 closed, stopped monitoring <POutputDispatcher at 139796574209448 for <Subprocess at 139796574468648 with name olsr in state STOPPING> (stdout)>
2015-06-25 06:18:42,181 DEBG fd 14 closed, stopped monitoring <POutputDispatcher at 139796574209736 for <Subprocess at 139796574468648 with name olsr in state STOPPING> (stderr)>
2015-06-25 06:18:42,182 INFO stopped: olsr (exit status 0)
2015-06-25 06:18:42,182 DEBG received SIGCLD indicating a child quit
2015-06-25 06:18:42,182 DEBG killing iperf (pid 9) with signal SIGTERM
2015-06-25 06:18:42,183 DEBG fd 9 closed, stopped monitoring <POutputDispatcher at 139796574209160 for <Subprocess at 139796574468432 with name iperf in state STOPPING> (stderr)>
2015-06-25 06:18:42,183 DEBG fd 7 closed, stopped monitoring <POutputDispatcher at 139796574208872 for <Subprocess at 139796574468432 with name iperf in state STOPPING> (stdout)>
2015-06-25 06:18:42,184 INFO stopped: iperf (exit status 0)
2015-06-25 06:18:42,184 DEBG received SIGCLD indicating a child quit
2015-06-25 06:19:15,090 CRIT Supervisor running as root (no user in config file)
2015-06-25 06:19:15,091 WARN Included extra file "/etc/supervisor/conf.d/programs.conf" during parsing
2015-06-25 06:19:15,139 INFO RPC interface 'supervisor' initialized
2015-06-25 06:19:15,139 CRIT Server 'unix_http_server' running without any HTTP authentication checking
2015-06-25 06:19:15,140 INFO supervisord started with pid 1
2015-06-25 06:19:16,143 INFO spawned: 'iperf' with pid 10
2015-06-25 06:19:16,146 INFO spawned: 'olsr' with pid 11
2015-06-25 06:19:16,154 DEBG 'olsr' stdout output:

 *** olsr.org -  0.6.6.1-git_0000000-hash_41d32a614ae55e881b7c0456c8e3ed54 ***
 Build date: 2013-10-26 05:10:52 on toyol
 http://www.olsr.org


2015-06-25 06:19:16,154 DEBG 'olsr' stdout output:
Debug level: 0
	IPv4 broadcast: 255.255.255.255
	HELLO interval: 6.00
	HELLO validity: 600.00
	TC interval: 0.50
	TC validity: 300.00
	MID interval: 10.00
	MID validity: 300.00
	HNA interval: 10.00
	HNA validity: 300.00

Interface DefaultsLink quality fish eye 1
IpVersion: 4
Clear screen enabled
Noint set to 1
Willingness: 3
	IPC host: 127.0.0.1
Hysteresis disabled
Link quality level 2
Pollrate 0.10
TC redundancy 2
MPR coverage 5

2015-06-25 06:19:16,155 DEBG 'olsr' stderr output:
Parsing file: "/etc/olsrd/olsrd.conf"

2015-06-25 06:19:16,155 DEBG 'iperf' stdout output:
------------------------------------------------------------
Server listening on TCP port 5001
TCP window size: 85.3 KByte (default)
------------------------------------------------------------

2015-06-25 06:19:16,156 DEBG 'olsr' stdout output:
Queuing if $interface
	IPv4 broadcast/multicast : 255.255.255.255
	Mode           : mesh (d)
	IPv6 multicast           : ff02::6d
	HELLO emission/validity  : 6.00 (d)/600.00 (d)
	TC emission/validity     : 0.50 (d)/300.00 (d)
	MID emission/validity    : 10.00 (d)/300.00 (d)
	HNA emission/validity    : 10.00 (d)/300.00 (d)
	Autodetect changes       : yes
	IPv4 broadcast/multicast : AUTO
	Mode           : mesh
	IPv6 multicast           : ::
	HELLO emission/validity  : 0.00/0.00
	TC emission/validity     : 0.00/0.00
	MID emission/validity    : 0.00/0.00
	HNA emission/validity    : 0.00/0.00
	Autodetect changes       : no

2015-06-25 06:19:16,159 DEBG 'olsr' stderr output:
No interfaces detected! This might be intentional, but it also might mean that your configuration is fubar.
I will continue after 5 seconds...

2015-06-25 06:19:17,160 INFO success: iperf entered RUNNING state, process has stayed up for > than 1 seconds (startsecs)
2015-06-25 06:19:17,160 INFO success: olsr entered RUNNING state, process has stayed up for > than 1 seconds (startsecs)
2015-06-25 06:19:21,159 DEBG 'olsr' stdout output:
-- ALL PLUGINS LOADED! --


2015-06-25 06:38:16,393 WARN received SIGTERM indicating exit request
2015-06-25 06:38:16,393 DEBG killing olsr (pid 11) with signal SIGTERM
2015-06-25 06:38:16,393 INFO waiting for iperf, olsr to die
2015-06-25 06:38:16,394 DEBG 'olsr' stdout output:
Closing plugins...
Free all memory...

2015-06-25 06:38:16,394 DEBG fd 10 closed, stopped monitoring <POutputDispatcher at 139954091767208 for <Subprocess at 139954092026408 with name olsr in state STOPPING> (stdout)>
2015-06-25 06:38:16,394 DEBG fd 14 closed, stopped monitoring <POutputDispatcher at 139954091767496 for <Subprocess at 139954092026408 with name olsr in state STOPPING> (stderr)>
2015-06-25 06:38:16,394 INFO stopped: olsr (exit status 0)
2015-06-25 06:38:16,394 DEBG received SIGCLD indicating a child quit
2015-06-25 06:38:16,394 DEBG killing iperf (pid 10) with signal SIGTERM
2015-06-25 06:38:16,395 DEBG fd 9 closed, stopped monitoring <POutputDispatcher at 139954091766920 for <Subprocess at 139954092026192 with name iperf in state STOPPING> (stderr)>
2015-06-25 06:38:16,395 DEBG fd 7 closed, stopped monitoring <POutputDispatcher at 139954091766632 for <Subprocess at 139954092026192 with name iperf in state STOPPING> (stdout)>
2015-06-25 06:38:16,396 INFO stopped: iperf (exit status 0)
2015-06-25 06:38:16,396 DEBG received SIGCLD indicating a child quit
2015-06-25 06:40:31,896 CRIT Supervisor running as root (no user in config file)
2015-06-25 06:40:31,896 WARN Included extra file "/etc/supervisor/conf.d/programs.conf" during parsing
2015-06-25 06:40:31,944 INFO RPC interface 'supervisor' initialized
2015-06-25 06:40:31,945 CRIT Server 'unix_http_server' running without any HTTP authentication checking
2015-06-25 06:40:31,945 INFO supervisord started with pid 1
2015-06-25 06:40:32,948 INFO spawned: 'iperf' with pid 10
2015-06-25 06:40:32,951 INFO spawned: 'olsr' with pid 11
2015-06-25 06:40:32,958 DEBG 'iperf' stdout output:
------------------------------------------------------------
Server listening on TCP port 5001
TCP window size: 85.3 KByte (default)
------------------------------------------------------------

2015-06-25 06:40:32,959 DEBG 'olsr' stdout output:

 *** olsr.org -  0.6.6.1-git_0000000-hash_41d32a614ae55e881b7c0456c8e3ed54 ***
 Build date: 2013-10-26 05:10:52 on toyol
 http://www.olsr.org

Debug level: 0
	IPv4 broadcast: 255.255.255.255
	HELLO interval: 6.00
	HELLO validity: 600.00
	TC interval: 0.50
	TC validity: 300.00
	MID interval: 10.00
	MID validity: 300.00
	HNA interval: 10.00
	HNA validity: 300.00

Interface DefaultsLink quality fish eye 1
IpVersion: 4

2015-06-25 06:40:32,960 DEBG 'olsr' stderr output:
Parsing file: "/etc/olsrd/olsrd.conf"

2015-06-25 06:40:32,960 DEBG 'olsr' stdout output:
Clear screen enabled
Noint set to 1
Willingness: 3
	IPC host: 127.0.0.1
Hysteresis disabled
Link quality level 2
Pollrate 0.10
TC redundancy 2
MPR coverage 5
Queuing if $interface
	IPv4 broadcast/multicast : 255.255.255.255
	Mode           : mesh (d)
	IPv6 multicast           : ff02::6d
	HELLO emission/validity  : 6.00 (d)/600.00 (d)
	TC emission/validity     : 0.50 (d)/300.00 (d)
	MID emission/validity    : 10.00 (d)/300.00 (d)
	HNA emission/validity    : 10.00 (d)/300.00 (d)
	Autodetect changes       : yes
	IPv4 broadcast/multicast : AUTO
	Mode           : mesh
	IPv6 multicast           : ::
	HELLO emission/validity  : 0.00/0.00
	TC emission/validity     : 0.00/0.00
	MID emission/validity    : 0.00/0.00
	HNA emission/validity    : 0.00/0.00
	Autodetect changes       : no

2015-06-25 06:40:32,964 DEBG 'olsr' stderr output:
No interfaces detected! This might be intentional, but it also might mean that your configuration is fubar.
I will continue after 5 seconds...

2015-06-25 06:40:33,965 INFO success: iperf entered RUNNING state, process has stayed up for > than 1 seconds (startsecs)
2015-06-25 06:40:33,965 INFO success: olsr entered RUNNING state, process has stayed up for > than 1 seconds (startsecs)
2015-06-25 06:40:37,964 DEBG 'olsr' stdout output:
-- ALL PLUGINS LOADED! --


2015-06-25 06:40:40,331 WARN received SIGTERM indicating exit request
2015-06-25 06:40:40,331 DEBG killing olsr (pid 11) with signal SIGTERM
2015-06-25 06:40:40,332 INFO waiting for iperf, olsr to die
2015-06-25 06:40:40,332 DEBG 'olsr' stdout output:
Closing plugins...

2015-06-25 06:40:40,332 DEBG 'olsr' stdout output:
Free all memory...

2015-06-25 06:40:40,333 DEBG fd 14 closed, stopped monitoring <POutputDispatcher at 140465445213896 for <Subprocess at 140465445472808 with name olsr in state STOPPING> (stderr)>
2015-06-25 06:40:40,333 DEBG fd 10 closed, stopped monitoring <POutputDispatcher at 140465445213608 for <Subprocess at 140465445472808 with name olsr in state STOPPING> (stdout)>
2015-06-25 06:40:40,333 INFO stopped: olsr (exit status 0)
2015-06-25 06:40:40,333 DEBG received SIGCLD indicating a child quit
2015-06-25 06:40:40,333 DEBG killing iperf (pid 10) with signal SIGTERM
2015-06-25 06:40:40,334 DEBG fd 9 closed, stopped monitoring <POutputDispatcher at 140465445213320 for <Subprocess at 140465445472592 with name iperf in state STOPPING> (stderr)>
2015-06-25 06:40:40,334 DEBG fd 7 closed, stopped monitoring <POutputDispatcher at 140465445213032 for <Subprocess at 140465445472592 with name iperf in state STOPPING> (stdout)>
2015-06-25 06:40:40,334 INFO stopped: iperf (exit status 0)
2015-06-25 06:40:40,334 DEBG received SIGCLD indicating a child quit
2015-06-25 06:45:29,032 CRIT Supervisor running as root (no user in config file)
2015-06-25 06:45:29,032 WARN Included extra file "/etc/supervisor/conf.d/programs.conf" during parsing
2015-06-25 06:45:29,081 INFO RPC interface 'supervisor' initialized
2015-06-25 06:45:29,081 CRIT Server 'unix_http_server' running without any HTTP authentication checking
2015-06-25 06:45:29,081 INFO supervisord started with pid 1
2015-06-25 06:45:30,085 INFO spawned: 'iperf' with pid 9
2015-06-25 06:45:30,088 INFO spawned: 'olsr' with pid 10
2015-06-25 06:45:30,095 DEBG 'iperf' stdout output:
------------------------------------------------------------
Server listening on TCP port 5001
TCP window size: 85.3 KByte (default)
------------------------------------------------------------

2015-06-25 06:45:30,097 DEBG 'olsr' stdout output:

 *** olsr.org -  0.6.6.1-git_0000000-hash_41d32a614ae55e881b7c0456c8e3ed54 ***
 Build date: 2013-10-26 05:10:52 on toyol
 http://www.olsr.org


2015-06-25 06:45:30,097 DEBG 'olsr' stdout output:
Debug level: 0
	IPv4 broadcast: 255.255.255.255
	HELLO interval: 6.00

2015-06-25 06:45:30,097 DEBG 'olsr' stderr output:
Parsing file: "/etc/olsrd/olsrd.conf"

2015-06-25 06:45:30,098 DEBG 'olsr' stdout output:
	HELLO validity: 600.00
	TC interval: 0.50
	TC validity: 300.00
	MID interval: 10.00
	MID validity: 300.00
	HNA interval: 10.00
	HNA validity: 300.00

Interface DefaultsLink quality fish eye 1
IpVersion: 4
Clear screen enabled
Noint set to 1
Willingness: 3
	IPC host: 127.0.0.1
Hysteresis disabled
Link quality level 2
Pollrate 0.10
TC redundancy 2
MPR coverage 5
Queuing if $interface
	IPv4 broadcast/multicast : 255.255.255.255
	Mode           : mesh (d)
	IPv6 multicast           : ff02::6d
	HELLO emission/validity  : 6.00 (d)/600.00 (d)
	TC emission/validity     : 0.50 (d)/300.00 (d)
	MID emission/validity    : 10.00 (d)/300.00 (d)
	HNA emission/validity    : 10.00 (d)/300.00 (d)
	Autodetect changes       : yes
	IPv4 broadcast/multicast : AUTO
	Mode           : mesh
	IPv6 multicast           : ::
	HELLO emission/validity  : 0.00/0.00
	TC emission/validity     : 0.00/0.00
	MID emission/validity    : 0.00/0.00
	HNA emission/validity    : 0.00/0.00
	Autodetect changes       : no

2015-06-25 06:45:30,102 DEBG 'olsr' stderr output:
No interfaces detected! This might be intentional, but it also might mean that your configuration is fubar.
I will continue after 5 seconds...

2015-06-25 06:45:31,104 INFO success: iperf entered RUNNING state, process has stayed up for > than 1 seconds (startsecs)
2015-06-25 06:45:31,104 INFO success: olsr entered RUNNING state, process has stayed up for > than 1 seconds (startsecs)
2015-06-25 06:45:35,103 DEBG 'olsr' stdout output:
-- ALL PLUGINS LOADED! --


2015-06-25 06:49:27,693 WARN received SIGTERM indicating exit request
2015-06-25 06:49:27,694 DEBG killing olsr (pid 10) with signal SIGTERM
2015-06-25 06:49:27,694 INFO waiting for iperf, olsr to die
2015-06-25 06:49:27,694 DEBG 'olsr' stdout output:
Closing plugins...

2015-06-25 06:49:27,695 DEBG 'olsr' stdout output:
Free all memory...

2015-06-25 06:49:27,695 DEBG fd 14 closed, stopped monitoring <POutputDispatcher at 140051984058056 for <Subprocess at 140051984316968 with name olsr in state STOPPING> (stderr)>
2015-06-25 06:49:27,695 DEBG fd 10 closed, stopped monitoring <POutputDispatcher at 140051984057768 for <Subprocess at 140051984316968 with name olsr in state STOPPING> (stdout)>
2015-06-25 06:49:27,695 INFO stopped: olsr (exit status 0)
2015-06-25 06:49:27,695 DEBG received SIGCLD indicating a child quit
2015-06-25 06:49:27,695 DEBG killing iperf (pid 9) with signal SIGTERM
2015-06-25 06:49:27,696 DEBG fd 9 closed, stopped monitoring <POutputDispatcher at 140051984057480 for <Subprocess at 140051984316752 with name iperf in state STOPPING> (stderr)>
2015-06-25 06:49:27,696 DEBG fd 7 closed, stopped monitoring <POutputDispatcher at 140051984057192 for <Subprocess at 140051984316752 with name iperf in state STOPPING> (stdout)>
2015-06-25 06:49:27,696 INFO stopped: iperf (exit status 0)
2015-06-25 06:49:27,696 DEBG received SIGCLD indicating a child quit
2015-06-25 07:16:48,236 CRIT Supervisor running as root (no user in config file)
2015-06-25 07:16:48,237 WARN Included extra file "/etc/supervisor/conf.d/programs.conf" during parsing
2015-06-25 07:16:48,286 INFO RPC interface 'supervisor' initialized
2015-06-25 07:16:48,286 CRIT Server 'unix_http_server' running without any HTTP authentication checking
2015-06-25 07:16:48,286 INFO supervisord started with pid 1
2015-06-25 07:16:49,290 INFO spawned: 'iperf' with pid 9
2015-06-25 07:16:49,293 INFO spawned: 'olsr' with pid 10
2015-06-25 07:16:49,301 DEBG 'iperf' stdout output:
------------------------------------------------------------
Server listening on TCP port 5001
TCP window size: 85.3 KByte (default)
------------------------------------------------------------

2015-06-25 07:16:49,303 DEBG 'olsr' stdout output:

 *** olsr.org -  0.6.6.1-git_0000000-hash_41d32a614ae55e881b7c0456c8e3ed54 ***
 Build date: 2013-10-26 05:10:52 on toyol
 http://www.olsr.org


2015-06-25 07:16:49,303 DEBG 'olsr' stdout output:
Debug level: 0
	IPv4 broadcast: 255.255.255.255
	HELLO interval: 6.00
	HELLO validity: 600.00
	TC interval: 0.50
	TC validity: 300.00
	MID interval: 10.00
	MID validity: 300.00
	HNA interval: 10.00
	HNA validity: 300.00

Interface DefaultsLink quality fish eye 1
IpVersion: 4
Clear screen enabled
Noint set to 1
Willingness: 3
	IPC host: 127.0.0.1

2015-06-25 07:16:49,304 DEBG 'olsr' stderr output:
Parsing file: "/etc/olsrd/olsrd.conf"

2015-06-25 07:16:49,304 DEBG 'olsr' stdout output:
Hysteresis disabled
Link quality level 2
Pollrate 0.10
TC redundancy 2
MPR coverage 5
Queuing if $interface
	IPv4 broadcast/multicast : 255.255.255.255
	Mode           : mesh (d)
	IPv6 multicast           : ff02::6d
	HELLO emission/validity  : 6.00 (d)/600.00 (d)
	TC emission/validity     : 0.50 (d)/300.00 (d)
	MID emission/validity    : 10.00 (d)/300.00 (d)
	HNA emission/validity    : 10.00 (d)/300.00 (d)
	Autodetect changes       : yes
	IPv4 broadcast/multicast : AUTO
	Mode           : mesh
	IPv6 multicast           : ::
	HELLO emission/validity  : 0.00/0.00
	TC emission/validity     : 0.00/0.00
	MID emission/validity    : 0.00/0.00
	HNA emission/validity    : 0.00/0.00
	Autodetect changes       : no

2015-06-25 07:16:49,314 DEBG 'olsr' stderr output:
No interfaces detected! This might be intentional, but it also might mean that your configuration is fubar.
I will continue after 5 seconds...

2015-06-25 07:16:50,314 INFO success: iperf entered RUNNING state, process has stayed up for > than 1 seconds (startsecs)
2015-06-25 07:16:50,314 INFO success: olsr entered RUNNING state, process has stayed up for > than 1 seconds (startsecs)
2015-06-25 07:16:54,314 DEBG 'olsr' stdout output:
-- ALL PLUGINS LOADED! --


2015-06-25 07:17:31,322 WARN received SIGTERM indicating exit request
2015-06-25 07:17:31,322 DEBG killing olsr (pid 10) with signal SIGTERM
2015-06-25 07:17:31,323 INFO waiting for iperf, olsr to die
2015-06-25 07:17:31,323 DEBG 'olsr' stdout output:
Closing plugins...
Free all memory...

2015-06-25 07:17:31,323 DEBG fd 10 closed, stopped monitoring <POutputDispatcher at 139671039591848 for <Subprocess at 139671039851048 with name olsr in state STOPPING> (stdout)>
2015-06-25 07:17:31,323 DEBG fd 14 closed, stopped monitoring <POutputDispatcher at 139671039592136 for <Subprocess at 139671039851048 with name olsr in state STOPPING> (stderr)>
2015-06-25 07:17:31,323 INFO stopped: olsr (exit status 0)
2015-06-25 07:17:31,324 DEBG received SIGCLD indicating a child quit
2015-06-25 07:17:31,324 DEBG killing iperf (pid 9) with signal SIGTERM
2015-06-25 07:17:31,325 DEBG fd 9 closed, stopped monitoring <POutputDispatcher at 139671039591560 for <Subprocess at 139671039850832 with name iperf in state STOPPING> (stderr)>
2015-06-25 07:17:31,325 DEBG fd 7 closed, stopped monitoring <POutputDispatcher at 139671039591272 for <Subprocess at 139671039850832 with name iperf in state STOPPING> (stdout)>
2015-06-25 07:17:31,325 INFO stopped: iperf (exit status 0)
2015-06-25 07:17:31,325 DEBG received SIGCLD indicating a child quit
