2015-06-25 06:07:05,944 CRIT Supervisor running as root (no user in config file)
2015-06-25 06:07:05,944 WARN Included extra file "/etc/supervisor/conf.d/programs.conf" during parsing
2015-06-25 06:07:05,993 INFO RPC interface 'supervisor' initialized
2015-06-25 06:07:05,993 CRIT Server 'unix_http_server' running without any HTTP authentication checking
2015-06-25 06:07:05,993 INFO supervisord started with pid 1
2015-06-25 06:07:06,996 INFO spawned: 'iperf' with pid 9
2015-06-25 06:07:06,998 INFO spawned: 'olsr' with pid 10
2015-06-25 06:07:07,005 DEBG 'iperf' stdout output:
------------------------------------------------------------
Server listening on TCP port 5001
TCP window size: 85.3 KByte (default)
------------------------------------------------------------

2015-06-25 06:07:07,006 DEBG 'olsr' stdout output:

 *** olsr.org -  0.6.6.1-git_0000000-hash_41d32a614ae55e881b7c0456c8e3ed54 ***
 Build date: 2013-10-26 05:10:52 on toyol
 http://www.olsr.org


2015-06-25 06:07:07,007 DEBG 'olsr' stdout output:
Debug level: 0
	IPv4 broadcast: 255.255.255.255
	HELLO interval: 6.00
	HELLO validity: 600.00
	TC interval: 0.50
	TC validity: 300.00
	MID interval: 10.00
	MID validity: 300.00
	HNA interval: 10.00
	HNA validity: 300.00

Interface DefaultsLink quality fish eye 1
IpVersion: 4
Clear screen enabled
Noint set to 1
Willingness: 3
	IPC host: 127.0.0.1
Hysteresis disabled
Link quality level 2
Pollrate 0.10
TC redundancy 2
MPR coverage 5
Queuing if $interface
	IPv4 broadcast/multicast : 255.255.255.255
	Mode           : mesh (d)
	IPv6 multicast           : ff02::6d
	HELLO emission/validity  : 6.00 (d)/600.00 (d)
	TC emission/validity     : 0.50 (d)/300.00 (d)
	MID emission/validity    : 10.00 (d)/300.00 (d)
	HNA emission/validity    : 10.00 (d)/300.00 (d)
	Autodetect changes       : yes
	IPv4 broadcast/multicast : AUTO
	Mode           : mesh
	IPv6 multicast           : ::
	HELLO emission/validity  : 0.00/0.00
	TC emission/validity     : 0.00/0.00
	MID emission/validity    : 0.00/0.00
	HNA emission/validity    : 0.00/0.00
	Autodetect changes       : no

2015-06-25 06:07:07,008 DEBG 'olsr' stderr output:
Parsing file: "/etc/olsrd/olsrd.conf"

2015-06-25 06:07:07,012 DEBG 'olsr' stderr output:
No interfaces detected! This might be intentional, but it also might mean that your configuration is fubar.
I will continue after 5 seconds...

2015-06-25 06:07:08,013 INFO success: iperf entered RUNNING state, process has stayed up for > than 1 seconds (startsecs)
2015-06-25 06:07:08,013 INFO success: olsr entered RUNNING state, process has stayed up for > than 1 seconds (startsecs)
2015-06-25 06:07:12,012 DEBG 'olsr' stdout output:
-- ALL PLUGINS LOADED! --


2015-06-25 06:15:27,733 WARN received SIGTERM indicating exit request
2015-06-25 06:15:27,733 DEBG killing olsr (pid 10) with signal SIGTERM
2015-06-25 06:15:27,733 INFO waiting for iperf, olsr to die
2015-06-25 06:15:27,734 DEBG 'olsr' stdout output:
Closing plugins...

2015-06-25 06:15:27,734 DEBG 'olsr' stdout output:
Free all memory...

2015-06-25 06:15:27,734 DEBG fd 14 closed, stopped monitoring <POutputDispatcher at 139837585393352 for <Subprocess at 139837585652264 with name olsr in state STOPPING> (stderr)>
2015-06-25 06:15:27,734 DEBG fd 10 closed, stopped monitoring <POutputDispatcher at 139837585393064 for <Subprocess at 139837585652264 with name olsr in state STOPPING> (stdout)>
2015-06-25 06:15:27,734 INFO stopped: olsr (exit status 0)
2015-06-25 06:15:27,734 DEBG received SIGCLD indicating a child quit
2015-06-25 06:15:27,735 DEBG killing iperf (pid 9) with signal SIGTERM
2015-06-25 06:15:27,735 DEBG fd 9 closed, stopped monitoring <POutputDispatcher at 139837585392776 for <Subprocess at 139837585652048 with name iperf in state STOPPING> (stderr)>
2015-06-25 06:15:27,736 DEBG fd 7 closed, stopped monitoring <POutputDispatcher at 139837585392488 for <Subprocess at 139837585652048 with name iperf in state STOPPING> (stdout)>
2015-06-25 06:15:27,736 INFO stopped: iperf (exit status 0)
2015-06-25 06:15:27,736 DEBG received SIGCLD indicating a child quit
2015-06-25 06:18:00,858 CRIT Supervisor running as root (no user in config file)
2015-06-25 06:18:00,858 WARN Included extra file "/etc/supervisor/conf.d/programs.conf" during parsing
2015-06-25 06:18:00,907 INFO RPC interface 'supervisor' initialized
2015-06-25 06:18:00,908 CRIT Server 'unix_http_server' running without any HTTP authentication checking
2015-06-25 06:18:00,908 INFO supervisord started with pid 1
2015-06-25 06:18:01,910 INFO spawned: 'iperf' with pid 9
2015-06-25 06:18:01,912 INFO spawned: 'olsr' with pid 10
2015-06-25 06:18:01,915 DEBG 'iperf' stdout output:
------------------------------------------------------------
Server listening on TCP port 5001
TCP window size: 85.3 KByte (default)
------------------------------------------------------------

2015-06-25 06:18:01,915 DEBG 'olsr' stdout output:

 *** olsr.org -  0.6.6.1-git_0000000-hash_41d32a614ae55e881b7c0456c8e3ed54 ***
 Build date: 2013-10-26 05:10:52 on toyol
 http://www.olsr.org


2015-06-25 06:18:01,915 DEBG 'olsr' stdout output:
Debug level: 0
	IPv4 broadcast: 255.255.255.255
	HELLO interval: 6.00
	HELLO validity: 600.00
	TC interval: 0.50
	TC validity: 300.00
	MID interval: 10.00
	MID validity: 300.00
	HNA interval: 10.00
	HNA validity: 300.00

Interface DefaultsLink quality fish eye 1
IpVersion: 4
Clear screen enabled
Noint set to 1
Willingness: 3
	IPC host: 127.0.0.1
Hysteresis disabled
Link quality level 2
Pollrate 0.10
TC redundancy 2
MPR coverage 5
Queuing if $interface

2015-06-25 06:18:01,916 DEBG 'olsr' stderr output:
Parsing file: "/etc/olsrd/olsrd.conf"

2015-06-25 06:18:01,916 DEBG 'olsr' stdout output:
	IPv4 broadcast/multicast : 255.255.255.255
	Mode           : mesh (d)
	IPv6 multicast           : ff02::6d
	HELLO emission/validity  : 6.00 (d)/600.00 (d)
	TC emission/validity     : 0.50 (d)/300.00 (d)
	MID emission/validity    : 10.00 (d)/300.00 (d)
	HNA emission/validity    : 10.00 (d)/300.00 (d)
	Autodetect changes       : yes
	IPv4 broadcast/multicast : AUTO
	Mode           : mesh
	IPv6 multicast           : ::
	HELLO emission/validity  : 0.00/0.00
	TC emission/validity     : 0.00/0.00
	MID emission/validity    : 0.00/0.00
	HNA emission/validity    : 0.00/0.00
	Autodetect changes       : no

2015-06-25 06:18:01,918 DEBG 'olsr' stderr output:
No interfaces detected! This might be intentional, but it also might mean that your configuration is fubar.
I will continue after 5 seconds...

2015-06-25 06:18:02,919 INFO success: iperf entered RUNNING state, process has stayed up for > than 1 seconds (startsecs)
2015-06-25 06:18:02,919 INFO success: olsr entered RUNNING state, process has stayed up for > than 1 seconds (startsecs)
2015-06-25 06:18:06,918 DEBG 'olsr' stdout output:
-- ALL PLUGINS LOADED! --


2015-06-25 06:18:42,405 WARN received SIGTERM indicating exit request
2015-06-25 06:18:42,405 DEBG killing olsr (pid 10) with signal SIGTERM
2015-06-25 06:18:42,405 INFO waiting for iperf, olsr to die
2015-06-25 06:18:42,406 DEBG 'olsr' stdout output:
Closing plugins...

2015-06-25 06:18:42,406 DEBG 'olsr' stdout output:
Free all memory...

2015-06-25 06:18:42,406 DEBG fd 14 closed, stopped monitoring <POutputDispatcher at 140173183534792 for <Subprocess at 140173183793704 with name olsr in state STOPPING> (stderr)>
2015-06-25 06:18:42,406 DEBG fd 10 closed, stopped monitoring <POutputDispatcher at 140173183534504 for <Subprocess at 140173183793704 with name olsr in state STOPPING> (stdout)>
2015-06-25 06:18:42,406 INFO stopped: olsr (exit status 0)
2015-06-25 06:18:42,407 DEBG received SIGCLD indicating a child quit
2015-06-25 06:18:42,407 DEBG killing iperf (pid 9) with signal SIGTERM
2015-06-25 06:18:42,407 DEBG fd 9 closed, stopped monitoring <POutputDispatcher at 140173183534216 for <Subprocess at 140173183793488 with name iperf in state STOPPING> (stderr)>
2015-06-25 06:18:42,408 DEBG fd 7 closed, stopped monitoring <POutputDispatcher at 140173183533928 for <Subprocess at 140173183793488 with name iperf in state STOPPING> (stdout)>
2015-06-25 06:18:42,408 INFO stopped: iperf (exit status 0)
2015-06-25 06:18:42,408 DEBG received SIGCLD indicating a child quit
2015-06-25 06:19:15,667 CRIT Supervisor running as root (no user in config file)
2015-06-25 06:19:15,667 WARN Included extra file "/etc/supervisor/conf.d/programs.conf" during parsing
2015-06-25 06:19:15,715 INFO RPC interface 'supervisor' initialized
2015-06-25 06:19:15,716 CRIT Server 'unix_http_server' running without any HTTP authentication checking
2015-06-25 06:19:15,716 INFO supervisord started with pid 1
2015-06-25 06:19:16,718 INFO spawned: 'iperf' with pid 9
2015-06-25 06:19:16,719 INFO spawned: 'olsr' with pid 10
2015-06-25 06:19:16,723 DEBG 'iperf' stdout output:
------------------------------------------------------------
Server listening on TCP port 5001
TCP window size: 85.3 KByte (default)
------------------------------------------------------------

2015-06-25 06:19:16,723 DEBG 'olsr' stdout output:

 *** olsr.org -  0.6.6.1-git_0000000-hash_41d32a614ae55e881b7c0456c8e3ed54 ***
 Build date: 2013-10-26 05:10:52 on toyol
 http://www.olsr.org


2015-06-25 06:19:16,723 DEBG 'olsr' stdout output:
Debug level: 0
	IPv4 broadcast: 255.255.255.255
	HELLO interval: 6.00
	HELLO validity: 600.00
	TC interval: 0.50
	TC validity: 300.00
	MID interval: 10.00
	MID validity: 300.00
	HNA interval: 10.00
	HNA validity: 300.00

2015-06-25 06:19:16,723 DEBG 'olsr' stderr output:
Parsing file: "/etc/olsrd/olsrd.conf"

2015-06-25 06:19:16,723 DEBG 'olsr' stdout output:

Interface DefaultsLink quality fish eye 1
IpVersion: 4
Clear screen enabled
Noint set to 1
Willingness: 3
	IPC host: 127.0.0.1
Hysteresis disabled
Link quality level 2
Pollrate 0.10
TC redundancy 2
MPR coverage 5
Queuing if $interface
	IPv4 broadcast/multicast : 255.255.255.255
	Mode           : mesh (d)
	IPv6 multicast           : ff02::6d
	HELLO emission/validity  : 6.00 (d)/600.00 (d)
	TC emission/validity     : 0.50 (d)/300.00 (d)
	MID emission/validity    : 10.00 (d)/300.00 (d)
	HNA emission/validity    : 10.00 (d)/300.00 (d)
	Autodetect changes       : yes
	IPv4 broadcast/multicast : AUTO
	Mode           : mesh
	IPv6 multicast           : ::
	HELLO emission/validity  : 0.00/0.00
	TC emission/validity     : 0.00/0.00
	MID emission/validity    : 0.00/0.00
	HNA emission/validity    : 0.00/0.00
	Autodetect changes       : no

2015-06-25 06:19:16,726 DEBG 'olsr' stderr output:
No interfaces detected! This might be intentional, but it also might mean that your configuration is fubar.
I will continue after 5 seconds...

2015-06-25 06:19:17,727 INFO success: iperf entered RUNNING state, process has stayed up for > than 1 seconds (startsecs)
2015-06-25 06:19:17,727 INFO success: olsr entered RUNNING state, process has stayed up for > than 1 seconds (startsecs)
2015-06-25 06:19:21,726 DEBG 'olsr' stdout output:
-- ALL PLUGINS LOADED! --


2015-06-25 06:38:16,588 WARN received SIGTERM indicating exit request
2015-06-25 06:38:16,588 DEBG killing olsr (pid 10) with signal SIGTERM
2015-06-25 06:38:16,588 INFO waiting for iperf, olsr to die
2015-06-25 06:38:16,589 DEBG 'olsr' stdout output:
Closing plugins...

2015-06-25 06:38:16,589 DEBG 'olsr' stdout output:
Free all memory...

2015-06-25 06:38:16,589 DEBG fd 14 closed, stopped monitoring <POutputDispatcher at 139743533758152 for <Subprocess at 139743534017064 with name olsr in state STOPPING> (stderr)>
2015-06-25 06:38:16,589 DEBG fd 10 closed, stopped monitoring <POutputDispatcher at 139743533757864 for <Subprocess at 139743534017064 with name olsr in state STOPPING> (stdout)>
2015-06-25 06:38:16,589 INFO stopped: olsr (exit status 0)
2015-06-25 06:38:16,590 DEBG received SIGCLD indicating a child quit
2015-06-25 06:38:16,590 DEBG killing iperf (pid 9) with signal SIGTERM
2015-06-25 06:38:16,590 DEBG fd 9 closed, stopped monitoring <POutputDispatcher at 139743533757576 for <Subprocess at 139743534016848 with name iperf in state STOPPING> (stderr)>
2015-06-25 06:38:16,591 DEBG fd 7 closed, stopped monitoring <POutputDispatcher at 139743533757288 for <Subprocess at 139743534016848 with name iperf in state STOPPING> (stdout)>
2015-06-25 06:38:16,591 INFO stopped: iperf (exit status 0)
2015-06-25 06:38:16,591 DEBG received SIGCLD indicating a child quit
2015-06-25 06:40:32,442 CRIT Supervisor running as root (no user in config file)
2015-06-25 06:40:32,442 WARN Included extra file "/etc/supervisor/conf.d/programs.conf" during parsing
2015-06-25 06:40:32,490 INFO RPC interface 'supervisor' initialized
2015-06-25 06:40:32,490 CRIT Server 'unix_http_server' running without any HTTP authentication checking
2015-06-25 06:40:32,491 INFO supervisord started with pid 1
2015-06-25 06:40:33,494 INFO spawned: 'iperf' with pid 9
2015-06-25 06:40:33,496 INFO spawned: 'olsr' with pid 10
2015-06-25 06:40:33,504 DEBG 'iperf' stdout output:
------------------------------------------------------------
Server listening on TCP port 5001
TCP window size: 85.3 KByte (default)
------------------------------------------------------------

2015-06-25 06:40:33,505 DEBG 'olsr' stdout output:

 *** olsr.org -  0.6.6.1-git_0000000-hash_41d32a614ae55e881b7c0456c8e3ed54 ***
 Build date: 2013-10-26 05:10:52 on toyol
 http://www.olsr.org


2015-06-25 06:40:33,505 DEBG 'olsr' stderr output:
Parsing file: "/etc/olsrd/olsrd.conf"

2015-06-25 06:40:33,505 DEBG 'olsr' stdout output:
Debug level: 0
	IPv4 broadcast: 255.255.255.255
	HELLO interval: 6.00
	HELLO validity: 600.00
	TC interval: 0.50
	TC validity: 300.00
	MID interval: 10.00
	MID validity: 300.00
	HNA interval: 10.00
	HNA validity: 300.00

Interface DefaultsLink quality fish eye 1
IpVersion: 4
Clear screen enabled
Noint set to 1
Willingness: 3
	IPC host: 127.0.0.1
Hysteresis disabled
Link quality level 2
Pollrate 0.10
TC redundancy 2
MPR coverage 5
Queuing if $interface
	IPv4 broadcast/multicast : 255.255.255.255
	Mode           : mesh (d)
	IPv6 multicast           : ff02::6d
	HELLO emission/validity  : 6.00 (d)/600.00 (d)
	TC emission/validity     : 0.50 (d)/300.00 (d)
	MID emission/validity    : 10.00 (d)/300.00 (d)
	HNA emission/validity    : 10.00 (d)/300.00 (d)
	Autodetect changes       : yes
	IPv4 broadcast/multicast : AUTO
	Mode           : mesh
	IPv6 multicast           : ::
	HELLO emission/validity  : 0.00/0.00
	TC emission/validity     : 0.00/0.00
	MID emission/validity    : 0.00/0.00
	HNA emission/validity    : 0.00/0.00
	Autodetect changes       : no

2015-06-25 06:40:33,510 DEBG 'olsr' stderr output:
No interfaces detected! This might be intentional, but it also might mean that your configuration is fubar.
I will continue after 5 seconds...

2015-06-25 06:40:34,511 INFO success: iperf entered RUNNING state, process has stayed up for > than 1 seconds (startsecs)
2015-06-25 06:40:34,511 INFO success: olsr entered RUNNING state, process has stayed up for > than 1 seconds (startsecs)
2015-06-25 06:40:38,510 DEBG 'olsr' stdout output:
-- ALL PLUGINS LOADED! --


2015-06-25 06:40:40,528 WARN received SIGTERM indicating exit request
2015-06-25 06:40:40,528 DEBG killing olsr (pid 10) with signal SIGTERM
2015-06-25 06:40:40,529 INFO waiting for iperf, olsr to die
2015-06-25 06:40:40,529 DEBG 'olsr' stdout output:
Closing plugins...

2015-06-25 06:40:40,529 DEBG 'olsr' stdout output:
Free all memory...

2015-06-25 06:40:40,530 DEBG fd 14 closed, stopped monitoring <POutputDispatcher at 139698302334664 for <Subprocess at 139698302593576 with name olsr in state STOPPING> (stderr)>
2015-06-25 06:40:40,530 DEBG fd 10 closed, stopped monitoring <POutputDispatcher at 139698302334376 for <Subprocess at 139698302593576 with name olsr in state STOPPING> (stdout)>
2015-06-25 06:40:40,530 INFO stopped: olsr (exit status 0)
2015-06-25 06:40:40,530 DEBG received SIGCLD indicating a child quit
2015-06-25 06:40:40,530 DEBG killing iperf (pid 9) with signal SIGTERM
2015-06-25 06:40:40,531 DEBG fd 9 closed, stopped monitoring <POutputDispatcher at 139698302334088 for <Subprocess at 139698302593360 with name iperf in state STOPPING> (stderr)>
2015-06-25 06:40:40,531 DEBG fd 7 closed, stopped monitoring <POutputDispatcher at 139698302333800 for <Subprocess at 139698302593360 with name iperf in state STOPPING> (stdout)>
2015-06-25 06:40:40,531 INFO stopped: iperf (exit status 0)
2015-06-25 06:40:40,532 DEBG received SIGCLD indicating a child quit
2015-06-25 06:45:29,598 CRIT Supervisor running as root (no user in config file)
2015-06-25 06:45:29,598 WARN Included extra file "/etc/supervisor/conf.d/programs.conf" during parsing
2015-06-25 06:45:29,648 INFO RPC interface 'supervisor' initialized
2015-06-25 06:45:29,648 CRIT Server 'unix_http_server' running without any HTTP authentication checking
2015-06-25 06:45:29,648 INFO supervisord started with pid 1
2015-06-25 06:45:30,650 INFO spawned: 'iperf' with pid 9
2015-06-25 06:45:30,651 INFO spawned: 'olsr' with pid 10
2015-06-25 06:45:30,654 DEBG 'iperf' stdout output:
------------------------------------------------------------
Server listening on TCP port 5001
TCP window size: 85.3 KByte (default)
------------------------------------------------------------

2015-06-25 06:45:30,655 DEBG 'olsr' stdout output:

 *** olsr.org -  0.6.6.1-git_0000000-hash_41d32a614ae55e881b7c0456c8e3ed54 ***
 Build date: 2013-10-26 05:10:52 on toyol
 http://www.olsr.org


2015-06-25 06:45:30,655 DEBG 'olsr' stdout output:
Debug level: 0
	IPv4 broadcast: 255.255.255.255

2015-06-25 06:45:30,655 DEBG 'olsr' stderr output:
Parsing file: "/etc/olsrd/olsrd.conf"

2015-06-25 06:45:30,655 DEBG 'olsr' stdout output:
	HELLO interval: 6.00
	HELLO validity: 600.00
	TC interval: 0.50
	TC validity: 300.00
	MID interval: 10.00
	MID validity: 300.00
	HNA interval: 10.00
	HNA validity: 300.00

Interface DefaultsLink quality fish eye 1
IpVersion: 4
Clear screen enabled
Noint set to 1
Willingness: 3
	IPC host: 127.0.0.1
Hysteresis disabled
Link quality level 2
Pollrate 0.10
TC redundancy 2
MPR coverage 5
Queuing if $interface
	IPv4 broadcast/multicast : 255.255.255.255
	Mode           : mesh (d)
	IPv6 multicast           : ff02::6d
	HELLO emission/validity  : 6.00 (d)/600.00 (d)
	TC emission/validity     : 0.50 (d)/300.00 (d)
	MID emission/validity    : 10.00 (d)/300.00 (d)
	HNA emission/validity    : 10.00 (d)/300.00 (d)
	Autodetect changes       : yes
	IPv4 broadcast/multicast : AUTO
	Mode           : mesh
	IPv6 multicast           : ::
	HELLO emission/validity  : 0.00/0.00
	TC emission/validity     : 0.00/0.00
	MID emission/validity    : 0.00/0.00
	HNA emission/validity    : 0.00/0.00
	Autodetect changes       : no

2015-06-25 06:45:30,657 DEBG 'olsr' stderr output:
No interfaces detected! This might be intentional, but it also might mean that your configuration is fubar.
I will continue after 5 seconds...

2015-06-25 06:45:31,658 INFO success: iperf entered RUNNING state, process has stayed up for > than 1 seconds (startsecs)
2015-06-25 06:45:31,659 INFO success: olsr entered RUNNING state, process has stayed up for > than 1 seconds (startsecs)
2015-06-25 06:45:35,658 DEBG 'olsr' stdout output:
-- ALL PLUGINS LOADED! --


2015-06-25 06:49:27,887 WARN received SIGTERM indicating exit request
2015-06-25 06:49:27,887 DEBG killing olsr (pid 10) with signal SIGTERM
2015-06-25 06:49:27,887 INFO waiting for iperf, olsr to die
2015-06-25 06:49:27,887 DEBG 'olsr' stdout output:
Closing plugins...
Free all memory...

2015-06-25 06:49:27,888 DEBG fd 10 closed, stopped monitoring <POutputDispatcher at 140002156438952 for <Subprocess at 140002156698152 with name olsr in state STOPPING> (stdout)>
2015-06-25 06:49:27,888 DEBG fd 14 closed, stopped monitoring <POutputDispatcher at 140002156439240 for <Subprocess at 140002156698152 with name olsr in state STOPPING> (stderr)>
2015-06-25 06:49:27,888 INFO stopped: olsr (exit status 0)
2015-06-25 06:49:27,888 DEBG received SIGCLD indicating a child quit
2015-06-25 06:49:27,888 DEBG killing iperf (pid 9) with signal SIGTERM
2015-06-25 06:49:27,889 DEBG fd 9 closed, stopped monitoring <POutputDispatcher at 140002156438664 for <Subprocess at 140002156697936 with name iperf in state STOPPING> (stderr)>
2015-06-25 06:49:27,889 DEBG fd 7 closed, stopped monitoring <POutputDispatcher at 140002156438376 for <Subprocess at 140002156697936 with name iperf in state STOPPING> (stdout)>
2015-06-25 06:49:27,889 INFO stopped: iperf (exit status 0)
2015-06-25 06:49:27,889 DEBG received SIGCLD indicating a child quit
2015-06-25 07:16:48,806 CRIT Supervisor running as root (no user in config file)
2015-06-25 07:16:48,806 WARN Included extra file "/etc/supervisor/conf.d/programs.conf" during parsing
2015-06-25 07:16:48,855 INFO RPC interface 'supervisor' initialized
2015-06-25 07:16:48,855 CRIT Server 'unix_http_server' running without any HTTP authentication checking
2015-06-25 07:16:48,856 INFO supervisord started with pid 1
2015-06-25 07:16:49,859 INFO spawned: 'iperf' with pid 9
2015-06-25 07:16:49,861 INFO spawned: 'olsr' with pid 10
2015-06-25 07:16:49,868 DEBG 'iperf' stdout output:
------------------------------------------------------------
Server listening on TCP port 5001
TCP window size: 85.3 KByte (default)
------------------------------------------------------------

2015-06-25 07:16:49,869 DEBG 'olsr' stdout output:

 *** olsr.org -  0.6.6.1-git_0000000-hash_41d32a614ae55e881b7c0456c8e3ed54 ***
 Build date: 2013-10-26 05:10:52 on toyol
 http://www.olsr.org


2015-06-25 07:16:49,870 DEBG 'olsr' stdout output:
Debug level: 0
	IPv4 broadcast: 255.255.255.255
	HELLO interval: 6.00
	HELLO validity: 600.00
	TC interval: 0.50
	TC validity: 300.00
	MID interval: 10.00
	MID validity: 300.00
	HNA interval: 10.00

2015-06-25 07:16:49,870 DEBG 'olsr' stderr output:
Parsing file: "/etc/olsrd/olsrd.conf"

2015-06-25 07:16:49,872 DEBG 'olsr' stdout output:
	HNA validity: 300.00

Interface DefaultsLink quality fish eye 1
IpVersion: 4
Clear screen enabled
Noint set to 1
Willingness: 3
	IPC host: 127.0.0.1
Hysteresis disabled
Link quality level 2
Pollrate 0.10
TC redundancy 2
MPR coverage 5
Queuing if $interface
	IPv4 broadcast/multicast : 255.255.255.255
	Mode           : mesh (d)
	IPv6 multicast           : ff02::6d
	HELLO emission/validity  : 6.00 (d)/600.00 (d)
	TC emission/validity     : 0.50 (d)/300.00 (d)
	MID emission/validity    : 10.00 (d)/300.00 (d)
	HNA emission/validity    : 10.00 (d)/300.00 (d)
	Autodetect changes       : yes
	IPv4 broadcast/multicast : AUTO
	Mode           : mesh
	IPv6 multicast           : ::
	HELLO emission/validity  : 0.00/0.00
	TC emission/validity     : 0.00/0.00
	MID emission/validity    : 0.00/0.00
	HNA emission/validity    : 0.00/0.00
	Autodetect changes       : no

2015-06-25 07:16:49,874 DEBG 'olsr' stderr output:
No interfaces detected! This might be intentional, but it also might mean that your configuration is fubar.
I will continue after 5 seconds...

2015-06-25 07:16:50,876 INFO success: iperf entered RUNNING state, process has stayed up for > than 1 seconds (startsecs)
2015-06-25 07:16:50,876 INFO success: olsr entered RUNNING state, process has stayed up for > than 1 seconds (startsecs)
2015-06-25 07:16:54,875 DEBG 'olsr' stdout output:
-- ALL PLUGINS LOADED! --


2015-06-25 07:17:31,517 WARN received SIGTERM indicating exit request
2015-06-25 07:17:31,517 DEBG killing olsr (pid 10) with signal SIGTERM
2015-06-25 07:17:31,517 INFO waiting for iperf, olsr to die
2015-06-25 07:17:31,517 DEBG 'olsr' stdout output:
Closing plugins...

2015-06-25 07:17:31,518 DEBG 'olsr' stdout output:
Free all memory...

2015-06-25 07:17:31,518 DEBG fd 14 closed, stopped monitoring <POutputDispatcher at 139856979748552 for <Subprocess at 139856980007464 with name olsr in state STOPPING> (stderr)>
2015-06-25 07:17:31,518 DEBG fd 10 closed, stopped monitoring <POutputDispatcher at 139856979748264 for <Subprocess at 139856980007464 with name olsr in state STOPPING> (stdout)>
2015-06-25 07:17:31,518 INFO stopped: olsr (exit status 0)
2015-06-25 07:17:31,518 DEBG received SIGCLD indicating a child quit
2015-06-25 07:17:31,519 DEBG killing iperf (pid 9) with signal SIGTERM
2015-06-25 07:17:31,519 DEBG fd 9 closed, stopped monitoring <POutputDispatcher at 139856979747976 for <Subprocess at 139856980007248 with name iperf in state STOPPING> (stderr)>
2015-06-25 07:17:31,519 DEBG fd 7 closed, stopped monitoring <POutputDispatcher at 139856979747688 for <Subprocess at 139856980007248 with name iperf in state STOPPING> (stdout)>
2015-06-25 07:17:31,520 INFO stopped: iperf (exit status 0)
2015-06-25 07:17:31,520 DEBG received SIGCLD indicating a child quit
